[INFO] Reading JSON file.
[INFO] Calculating diffusivities.
[INFO] Installing dependencies on remote server.
[INFO] Removed existing temp.out file
[INFO] Saving temp_1.cif file.
[INFO] Saving temp_2.cif file.
[INFO] Uploading temp_1.cif to remote server.
[INFO] Saving temp_3.cif file.
[INFO] Saving temp_4.cif file.
[INFO] Uploading temp_3.cif to remote server.
[INFO] Uploading temp_2.cif to remote server.
[INFO] Saving temp_5.cif file.
[INFO] Saving temp_6.cif file.
[INFO] Uploading temp_4.cif to remote server.
[INFO] Saving temp_7.cif file.
[INFO] Uploading temp_6.cif to remote server.
[INFO] Uploading temp_5.cif to remote server.
[INFO] Uploading temp_7.cif to remote server.
[INFO] Saving temp_8.cif file.
[INFO] Saving temp_9.cif file.
[INFO] Saving temp_10.cif file.
[INFO] Uploading temp_8.cif to remote server.
[INFO] Uploading temp_9.cif to remote server.
[INFO] Uploading temp_10.cif to remote server.
[INFO] Running remote script for temp_8.cif.
[INFO] Running remote script for temp_5.cif.
[INFO] Running remote script for temp_10.cif.
[INFO] Running remote script for temp_1.cif.
[INFO] Running remote script for temp_2.cif.
[INFO] Running remote script for temp_9.cif.
[INFO] Running remote script for temp_4.cif.
[INFO] Running remote script for temp_3.cif.
[INFO] Running remote script for temp_6.cif.
[INFO] Running remote script for temp_7.cif.
[INFO] Parsing diffusion coefficient from script output.
[INFO] Extracted diffusion coefficient: 0.000046497518 cm^2/sec
[INFO] Parsing diffusion coefficient from script output.
[INFO] Extracted diffusion coefficient: 0.000037266180 cm^2/sec
[INFO] Parsing diffusion coefficient from script output.
[INFO] Extracted diffusion coefficient: 0.000051767518 cm^2/sec
[INFO] Parsing diffusion coefficient from script output.
[INFO] Extracted diffusion coefficient: 0.000025997582 cm^2/sec
[INFO] Parsing diffusion coefficient from script output.
[INFO] Extracted diffusion coefficient: 0.000085896111 cm^2/sec
[INFO] Parsing diffusion coefficient from script output.
[INFO] Extracted diffusion coefficient: 0.000016823109 cm^2/sec
[INFO] Parsing diffusion coefficient from script output.
[INFO] Extracted diffusion coefficient: 0.000029394881 cm^2/sec
[INFO] Parsing diffusion coefficient from script output.
[INFO] Extracted diffusion coefficient: 0.000030837448 cm^2/sec
[INFO] Parsing diffusion coefficient from script output.
[INFO] Extracted diffusion coefficient: 0.000120641466 cm^2/sec
[INFO] Parsing diffusion coefficient from script output.
[INFO] Extracted diffusion coefficient: 0.000016205051 cm^2/sec
[INFO] Diffusivities calculated.
